#
# There is insufficient memory for the Java Runtime Environment to continue.
# Native memory allocation (malloc) failed to allocate 1048576 bytes for AllocateHeap
# Possible reasons:
#   The system is out of physical RAM or swap space
#   The process is running with CompressedOops enabled, and the Java Heap may be blocking the growth of the native heap
# Possible solutions:
#   Reduce memory load on the system
#   Increase physical memory or swap space
#   Check if swap backing store is full
#   Decrease Java heap size (-Xmx/-Xms)
#   Decrease number of Java threads
#   Decrease Java thread stack sizes (-Xss)
#   Set larger code cache with -XX:ReservedCodeCacheSize=
# This output file may be truncated or incomplete.
#
#  Out of Memory Error (./src/hotspot/share/memory/allocation.cpp:46), pid=16192, tid=14464
#
# JRE version:  (11.0.11+9) (build )
# Java VM: OpenJDK 64-Bit Server VM (11.0.11+9-b60-7590822, mixed mode, sharing, tiered, compressed oops, g1 gc, windows-amd64)
# No core dump will be written. Minidumps are not enabled by default on client versions of Windows
#

---------------  S U M M A R Y ------------

Command Line: org.jetbrains.kotlin.cli.jvm.K2JVMCompiler @C:\Users\omer_\Desktop\KiyafetKiralama\app\build\20220525_8107905038451163653.compiler.options

Host: Intel(R) Core(TM) i5-10300H CPU @ 2.50GHz, 8 cores, 15G,  Windows 10 , 64 bit Build 19041 (10.0.19041.1706)
Time: Wed May 25 14:51:53 2022 Türkiye Standart Saati elapsed time: 0.012951 seconds (0d 0h 0m 0s)

---------------  T H R E A D  ---------------

Current thread (0x000001ff6825e000):  JavaThread "Unknown thread" [_thread_in_vm, id=14464, stack(0x000000f658700000,0x000000f658800000)]

Stack: [0x000000f658700000,0x000000f658800000]
Native frames: (J=compiled Java code, j=interpreted, Vv=VM code, C=native code)
V  [jvm.dll+0x5f214a]
V  [jvm.dll+0x726fb5]
V  [jvm.dll+0x7285cd]
V  [jvm.dll+0x728c83]
V  [jvm.dll+0x243278]
V  [jvm.dll+0xb3a34]
V  [jvm.dll+0x2e1607]
V  [jvm.dll+0x2da7fa]
V  [jvm.dll+0x705ba7]
V  [jvm.dll+0x70739c]
V  [jvm.dll+0x3598f9]
V  [jvm.dll+0x6e931e]
V  [jvm.dll+0x3c1c43]
V  [jvm.dll+0x3c3e81]
C  [jli.dll+0x5373]
C  [ucrtbase.dll+0x21bb2]
C  [KERNEL32.DLL+0x17034]
C  [ntdll.dll+0x52651]


---------------  P R O C E S S  ---------------

Threads class SMR info:
_java_thread_list=0x000001ff66142cc0, length=0, elements={
}

Java Threads: ( => current thread )

Other Threads:
  0x000001ff68271000 GCTaskThread "GC Thread#0" [stack: 0x000000f658800000,0x000000f658900000] [id=23780]

[error occurred during error reporting (printing all threads), id 0xc0000005, EXCEPTION_ACCESS_VIOLATION (0xc0000005) at pc=0x00007ffadbd069d0]

VM state:not at safepoint (not fully initialized)

VM Mutex/Monitor currently owned by a thread:  ([mutex/lock_event])
[0x000001ff6825abc0] Heap_lock - owner thread: 0x000001ff6825e000

Heap address: 0x0000000702a00000, size: 4054 MB, Compressed Oops mode: Non-zero based: 0x0000000702a00000
Narrow klass base: 0x0000000000000000, Narrow klass shift: 0

GC Heap History (0 events):
No events

Deoptimization events (0 events):
No events

Classes redefined (0 events):
No events

Internal exceptions (0 events):
No events

Events (1 events):
Event: 0.009 Loaded shared library C:\Program Files\Android\Android Studio1\jre\bin\zip.dll


Dynamic libraries:
0x00007ff7b1320000 - 0x00007ff7b132a000 	C:\Program Files\Android\Android Studio1\jre\bin\java.exe
0x00007ffb1ffb0000 - 0x00007ffb201a5000 	C:\Windows\SYSTEM32\ntdll.dll
0x00007ffb1e0b0000 - 0x00007ffb1e16d000 	C:\Windows\System32\KERNEL32.DLL
0x00007ffb1da00000 - 0x00007ffb1dccd000 	C:\Windows\System32\KERNELBASE.dll
0x00007ffb1d7e0000 - 0x00007ffb1d8e0000 	C:\Windows\System32\ucrtbase.dll
0x00007ffafb950000 - 0x00007ffafb967000 	C:\Program Files\Android\Android Studio1\jre\bin\VCRUNTIME140.dll
0x00007ffafb2e0000 - 0x00007ffafb2f9000 	C:\Program Files\Android\Android Studio1\jre\bin\jli.dll
0x00007ffb1f200000 - 0x00007ffb1f3a0000 	C:\Windows\System32\USER32.dll
0x00007ffb070a0000 - 0x00007ffb0733a000 	C:\Windows\WinSxS\amd64_microsoft.windows.common-controls_6595b64144ccf1df_6.0.19041.1110_none_60b5254171f9507e\COMCTL32.dll
0x00007ffb1ebd0000 - 0x00007ffb1ec6e000 	C:\Windows\System32\msvcrt.dll
0x00007ffb1de30000 - 0x00007ffb1de52000 	C:\Windows\System32\win32u.dll
0x00007ffb1efe0000 - 0x00007ffb1f00a000 	C:\Windows\System32\GDI32.dll
0x00007ffb1def0000 - 0x00007ffb1dffb000 	C:\Windows\System32\gdi32full.dll
0x00007ffb1d960000 - 0x00007ffb1d9fd000 	C:\Windows\System32\msvcp_win.dll
0x00007ffb1f3a0000 - 0x00007ffb1f3d0000 	C:\Windows\System32\IMM32.DLL
0x00007ffadda90000 - 0x00007ffaddb2d000 	C:\Program Files\Android\Android Studio1\jre\bin\msvcp140.dll
0x00007ffadba20000 - 0x00007ffadc4f5000 	C:\Program Files\Android\Android Studio1\jre\bin\server\jvm.dll
0x00007ffb1e000000 - 0x00007ffb1e0ae000 	C:\Windows\System32\ADVAPI32.dll
0x00007ffb1f3f0000 - 0x00007ffb1f48c000 	C:\Windows\System32\sechost.dll
0x00007ffb1fbd0000 - 0x00007ffb1fcf5000 	C:\Windows\System32\RPCRT4.dll
0x00007ffb1ebc0000 - 0x00007ffb1ebc8000 	C:\Windows\System32\PSAPI.DLL
0x00007ffb19170000 - 0x00007ffb19179000 	C:\Windows\SYSTEM32\WSOCK32.dll
0x00007ffb07340000 - 0x00007ffb07367000 	C:\Windows\SYSTEM32\WINMM.dll
0x00007ffb16970000 - 0x00007ffb1697a000 	C:\Windows\SYSTEM32\VERSION.dll
0x00007ffb1fdb0000 - 0x00007ffb1fe1b000 	C:\Windows\System32\WS2_32.dll
0x00007ffb1b630000 - 0x00007ffb1b642000 	C:\Windows\SYSTEM32\kernel.appcore.dll
0x00007ffb17430000 - 0x00007ffb17441000 	C:\Program Files\Android\Android Studio1\jre\bin\verify.dll
0x00007ffb1aeb0000 - 0x00007ffb1b094000 	C:\Windows\SYSTEM32\DBGHELP.DLL
0x00007ffb038c0000 - 0x00007ffb038ec000 	C:\Windows\SYSTEM32\dbgcore.DLL
0x00007ffb1de60000 - 0x00007ffb1dee2000 	C:\Windows\System32\bcryptPrimitives.dll
0x00007ffb0ba30000 - 0x00007ffb0ba59000 	C:\Program Files\Android\Android Studio1\jre\bin\java.dll
0x00007ffb19ea0000 - 0x00007ffb19eab000 	C:\Program Files\Android\Android Studio1\jre\bin\jimage.dll
0x00007ffb0b800000 - 0x00007ffb0b818000 	C:\Program Files\Android\Android Studio1\jre\bin\zip.dll

dbghelp: loaded successfully - version: 4.0.5 - missing functions: none
symbol engine: initialized successfully - sym options: 0x614 - pdb path: .;C:\Program Files\Android\Android Studio1\jre\bin;C:\Windows\SYSTEM32;C:\Windows\WinSxS\amd64_microsoft.windows.common-controls_6595b64144ccf1df_6.0.19041.1110_none_60b5254171f9507e;C:\Program Files\Android\Android Studio1\jre\bin\server

VM Arguments:
java_command: org.jetbrains.kotlin.cli.jvm.K2JVMCompiler @C:\Users\omer_\Desktop\KiyafetKiralama\app\build\20220525_8107905038451163653.compiler.options
java_class_path (initial): C:\Users\omer_\.gradle\caches\modules-2\files-2.1\org.jetbrains.kotlin\kotlin-compiler-embeddable\1.6.10\88f2073f4020cdb83132cfe940ceb9a60aba54ea\kotlin-compiler-embeddable-1.6.10.jar;C:\Users\omer_\.gradle\caches\modules-2\files-2.1\org.jetbrains.kotlin\kotlin-reflect\1.6.10\1cbe9c92c12a94eea200d23c2bbaedaf3daf5132\kotlin-reflect-1.6.10.jar;C:\Users\omer_\.gradle\caches\modules-2\files-2.1\org.jetbrains.kotlin\kotlin-stdlib\1.6.10\b8af3fe6f1ca88526914929add63cf5e7c5049af\kotlin-stdlib-1.6.10.jar;C:\Users\omer_\.gradle\caches\modules-2\files-2.1\org.jetbrains.kotlin\kotlin-script-runtime\1.6.10\d0a7ff2e2500ef497ed0214ae40ad3c8387a6164\kotlin-script-runtime-1.6.10.jar;C:\Users\omer_\.gradle\caches\modules-2\files-2.1\org.jetbrains.kotlin\kotlin-daemon-embeddable\1.6.10\a56d79bcbea411fa6058e4ecffc2de73e742bd2a\kotlin-daemon-embeddable-1.6.10.jar;C:\Users\omer_\.gradle\caches\modules-2\files-2.1\org.jetbrains.intellij.deps\trove4j\1.0.20181211\216c2e14b070f334479d800987affe4054cd563f\trove4j-1.0.20181211.jar;C:\Users\omer_\.gradle\caches\modules-2\files-2.1\net.java.dev.jna\jna\5.6.0\330f2244e9030119ab3030fc3fededc86713d9cc\jna-5.6.0.jar;C:\Users\omer_\.gradle\caches\modules-2\files-2.1\org.jetbrains\annotations\13.0\919f0dfe192fb4e063e7dacadee7f8bb9a2672a9\annotations-13.0.jar;C:\Users\omer_\.gradle\caches\modules-2\files-2.1\org.jetbrains.kotlin\kotlin-stdlib-common\1.6.10\c118700e3a33c8a0d9adc920e9dec0831171925\kotlin-stdlib-common-1.6.10.jar
Launcher Type: SUN_STANDARD

[Global flags]
     intx CICompilerCount                          = 4                                         {product} {ergonomic}
     uint ConcGCThreads                            = 2                                         {product} {ergonomic}
     uint G1ConcRefinementThreads                  = 8                                         {product} {ergonomic}
   size_t G1HeapRegionSize                         = 1048576                                   {product} {ergonomic}
    uintx GCDrainStackTargetSize                   = 64                                        {product} {ergonomic}
   size_t InitialHeapSize                          = 266338304                                 {product} {ergonomic}
   size_t MarkStackSize                            = 4194304                                   {product} {ergonomic}
   size_t MaxHeapSize                              = 4250927104                                {product} {ergonomic}
   size_t MinHeapDeltaBytes                        = 1048576                                   {product} {ergonomic}
    uintx NonNMethodCodeHeapSize                   = 5836300                                {pd product} {ergonomic}
    uintx NonProfiledCodeHeapSize                  = 122910970                              {pd product} {ergonomic}
    uintx ProfiledCodeHeapSize                     = 122910970                              {pd product} {ergonomic}
    uintx ReservedCodeCacheSize                    = 251658240                              {pd product} {ergonomic}
     bool SegmentedCodeCache                       = true                                      {product} {ergonomic}
     bool UseCompressedClassPointers               = true                                 {lp64_product} {ergonomic}
     bool UseCompressedOops                        = true                                 {lp64_product} {ergonomic}
     bool UseG1GC                                  = true                                      {product} {ergonomic}
     bool UseLargePagesIndividualAllocation        = false                                  {pd product} {ergonomic}

Logging:
Log output configuration:
 #0: stdout all=warning uptime,level,tags
 #1: stderr all=off uptime,level,tags

Environment Variables:
PATH=C:\Program Files\Eclipse Foundation\jre-11.0.12.7-hotspot\bin;C:\Program Files\Common Files\Oracle\Java\javapath;C:\Windows\system32;C:\Windows;C:\Windows\System32\Wbem;C:\Windows\System32\WindowsPowerShell\v1.0\;C:\Windows\System32\OpenSSH\;C:\Program Files\NVIDIA Corporation\NVIDIA NvDLISR;C:\Program Files (x86)\NVIDIA Corporation\PhysX\Common;C:\Program Files\dotnet\;C:\Program Files\Microsoft SQL Server\130\Tools\Binn\;C:\Users\omer_\AppData\Local\Microsoft\WindowsApps;C:\Users\omer_\.dotnet\tools
USERNAME=omer_
OS=Windows_NT
PROCESSOR_IDENTIFIER=Intel64 Family 6 Model 165 Stepping 2, GenuineIntel



---------------  S Y S T E M  ---------------

OS: Windows 10 , 64 bit Build 19041 (10.0.19041.1706)
OS uptime: 5 days 19:14 hours

CPU:total 8 (initial active 8) (4 cores per cpu, 2 threads per core) family 6 model 165 stepping 2 microcode 0xea, cmov, cx8, fxsr, mmx, sse, sse2, sse3, ssse3, sse4.1, sse4.2, popcnt, avx, avx2, aes, clmul, erms, 3dnowpref, lzcnt, ht, tsc, tscinvbit, bmi1, bmi2, adx, fma

Memory: 4k page, system-wide physical 16215M (325M free)
TotalPageFile size 65367M (AvailPageFile size 4M)
current process WorkingSet (physical memory assigned to process): 9M, peak: 9M
current process commit charge ("private bytes"): 52M, peak: 53M

vm_info: OpenJDK 64-Bit Server VM (11.0.11+9-b60-7590822) for windows-amd64 JRE (11.0.11+9-b60-7590822), built on Jul 29 2021 21:43:44 by "builder" with MS VC++ 14.0 (VS2015)

END.
